(---------------------------------------------------------------------)
(                                                                     )
(    Auto-interactive Convert Corner - Aicc                           )
(                                                                     )
(    Drawing          : DPU_PoE_A1_Oct-13.brd                         )
(    Software Version : 22.1P001                                      )
(    Date/Time        : Mon Oct 13 09:34:16 2025                      )
(                                                                     )
(---------------------------------------------------------------------)


CommandStart AiCC ************************************************************

Convert Corner Parameters:
Convert Type:           ARC
Allow in cns areas:     Yes
Preferred Radius Size:  5x Line Width
Min Radius Size:        1x Line Width
Allow DRCs:             No

Result: 1 of 10 failed to convert

Cline vertex:xy (37.1000 -25.5643)	subclass: BOTTOM	net_name: IO_E10 

CommandEnd AiCC **************************************************************
CommandStart AiCC ************************************************************

Convert Corner Parameters:
Convert Type:           ARC
Allow in cns areas:     Yes
Preferred Radius Size:  5x Line Width
Min Radius Size:        1x Line Width
Allow DRCs:             No

Result: 1 of 14 failed to convert

Cline vertex:xy (20.7800 -15.8410)	subclass: BOTTOM	net_name: IO_G14 

CommandEnd AiCC **************************************************************
CommandStart AiCC ************************************************************

Convert Corner Parameters:
Convert Type:           ARC
Allow in cns areas:     Yes
Preferred Radius Size:  5x Line Width
Min Radius Size:        1x Line Width
Allow DRCs:             No

Result: 1 of 13 failed to convert

Cline vertex:xy (20.0429 -15.8429)	subclass: BOTTOM	net_name: IO_H14 

CommandEnd AiCC **************************************************************
CommandStart AiCC ************************************************************

Convert Corner Parameters:
Convert Type:           ARC
Allow in cns areas:     Yes
Preferred Radius Size:  5x Line Width
Min Radius Size:        1x Line Width
Allow DRCs:             No

Result: 0 of 2 failed to convert


CommandEnd AiCC **************************************************************
