(---------------------------------------------------------------------)
(                                                                     )
(    Dangling Line, Via and Antenna Report                            )
(                                                                     )
(    Drawing          : DPU_PoE_A1_Oct-12.brd                         )
(    Software Version : 22.1P001                                      )
(    Date/Time        : Sat Oct 11 14:29:50 2025                      )
(                                                                     )
(---------------------------------------------------------------------)


Report methodology:
  - Dangling lines have at least one end not connected.
  - Dangling vias have one or no connection
      - Plus are not a test, thieving or netshort property via.
  - Antenna vias do not have connections on their start and end layers.
      - Plus they are not a thieving vias.
      - Optionally, VOLTAGE nets, testvias and through vias can be suppressed with
        the environment variable report_antennavia.
      - Section may be suppressed by variable report_noantennavia.
  - Not part of the current partition.
  - To suppress items in dangle report add the OK_DANGLE property to the via
    or connect line.

<< Dangling Lines >>  - Location marked with a star (*) is dangling.
  Net                 Layer                  Length       Location
  ------------------------------------------------------------------------------------------
  IO_R2                BOTTOM                0.0390     *(30.3171 -9.5429) to  (30.3171 -9.5039)
  IO_T4                TOP                   0.0390     *(28.3800 -9.0800) to  (28.3800 -9.0410)
  IO_T3                TOP                   0.0390     *(29.1800 -9.0800) to  (29.1800 -9.0410)
  IO_T2                TOP                   0.0390     *(29.9800 -9.0800) to  (29.9800 -9.0410)
  IO-7                 TOP                   0.0390     *(19.5800 -13.8800) to  (19.5800 -13.8410)
  SPI_SI               TOP                   0.0390     *(27.5800 -9.0800) to  (27.5800 -9.0410)
  SPI_CS               TOP                   0.0390     *(21.9800 -9.0800) to  (21.9800 -9.0410)
  SPI_SCK              TOP                   0.0390     *(26.7800 -9.0800) to  (26.7800 -9.0410)
  IR_UART_RX           BOTTOM                0.0390     *(22.7800 -8.5100) to  (22.7800 -8.4710)


<< Dangling Vias >>
  Net                  Padstack               Location            Layers
  ---------------------------------------------------------------------------
  N925866              VIA0D3_0D15          (26.3650 -15.0560) TOP/BOTTOM 
  N3084182             VIA0D3_0D15          (26.3700 -14.2700) TOP/BOTTOM 
  N1402837             VIA0D3_0D15          (28.7650 -12.6560) TOP/BOTTOM 
  EIO-4                VIA0D3_0D15          (27.1171 -16.5781) TOP/BOTTOM 
  EIO-1                VIA0D3_0D15          (26.4105 -13.4105) TOP/BOTTOM 
  BIO-9                VIA0D3_0D15          (23.1950 -15.8560) TOP/BOTTOM 
  TP_P2                VIA0D3_0D15          (30.3171 -10.3039) TOP/BOTTOM 
  BIO-3                VIA0D3_0D15          (22.4429 -16.5781) TOP/BOTTOM 
  GND                  VIA0315_L7_L8        (21.6000 -7.1000) GND-7/BOTTOM 
  GND                  VIA0D3_0D15          (29.7730 -23.4000) TOP/BOTTOM 
  GND                  VIA0D3_0D15          (7.1570 -25.8100) TOP/BOTTOM 
  GND                  VIA0315_L7_L8        (28.3817 -18.6169) GND-7/BOTTOM 
  GND                  VIA0315_L7_L8        (29.5000 -4.1000) GND-7/BOTTOM 
  GND                  VIA0315_L7_L8        (30.9570 -5.5000) GND-7/BOTTOM 
  Dummy Net            VIA0D3_0D15          (30.3650 -12.6560) TOP/BOTTOM 


<< Antenna Vias >>
  Net                  Padstack               Location            Layers
  ---------------------------------------------------------------------------
  N3369036             VIA0D25_0D15         (68.5000 -10.2000) TOP/BOTTOM 
  N3369036             VIA0D25_0D15         (68.5000 -8.4000) TOP/BOTTOM 
  N925866              VIA0D3_0D15          (26.3650 -15.0560) TOP/BOTTOM 
  DBG_RXD              VIA0D3_0D15          (66.5000 -5.4000) TOP/BOTTOM 
  DBG_RXD              VIA0D3_0D15          (27.2072 -14.2031) TOP/BOTTOM 
  DBG_TXD              VIA0D3_0D15          (65.5000 -5.1000) TOP/BOTTOM 
  DBG_TXD              VIA0D3_0D15          (27.1650 -15.0560) TOP/BOTTOM 
  N3084182             VIA0D3_0D15          (26.3700 -14.2700) TOP/BOTTOM 
  N1402837             VIA0D3_0D15          (28.7650 -12.6560) TOP/BOTTOM 
  PWR_EN_EXT           VIA0D40_0D2          (57.4000 -27.0000) TOP/BOTTOM 
  DVP_RST              VIA0D3_0D15          (39.4000 -11.7600) TOP/BOTTOM 
  DVP_RST              VIA0D3_0D15          (27.9650 -14.2950) TOP/BOTTOM 
  UPLD_TXD2            VIA0D3_0D15          (72.5000 -22.1000) TOP/BOTTOM 
  UPLD_TXD2            VIA0D3_0D15          (28.7450 -16.6060) TOP/BOTTOM 
  UPLD_TXD1            VIA0D3_0D15          (27.9171 -15.7781) TOP/BOTTOM 
  UPLD_TXD1            VIA0D3_0D15          (71.6000 -5.3000) TOP/BOTTOM 
  FP_LED1              VIA0D3_0D15          (25.5171 -11.9039) TOP/BOTTOM 
  FP_LED1              VIA0D3_0D15          (7.6690 -11.0310) TOP/BOTTOM 
  FP_LED0              VIA0D3_0D15          (26.3800 -11.9100) TOP/BOTTOM 
  FP_LED0              VIA0D3_0D15          (7.6690 -11.5310) TOP/BOTTOM 
  EIO-4                VIA0D3_0D15          (27.1171 -16.5781) TOP/BOTTOM 
  EIO-1                VIA0D3_0D15          (26.4105 -13.4105) TOP/BOTTOM 
  BIO-9                VIA0D3_0D15          (23.1950 -15.8560) TOP/BOTTOM 
  IR_D15               VIA0D3_0D15          (18.4429 -11.9039) TOP/BOTTOM 
  IR_D15               VIA0D25_0D15         (10.5800 -15.4100) TOP/BOTTOM 
  IR_D14               VIA0D3_0D15          (22.4429 -13.5039) TOP/BOTTOM 
  IR_D14               VIA0D25_0D15         (14.2300 -15.3100) TOP/BOTTOM 
  IR_3V3               VIA0D40_0D2          (8.1300 -19.2100) TOP/BOTTOM 
  P3V3A                VIA0D3_0D15          (60.1500 -12.2000) TOP/BOTTOM 
  P3V3A                VIA0D3_0D15          (63.1500 -12.2000) TOP/BOTTOM 
  P3V3A                VIA0D3_0D15          (68.8790 -7.6000) TOP/BOTTOM 
  P3V3A                VIA0D3_0D15          (68.9000 -5.8000) TOP/BOTTOM 
  IR_1V8               VIA0D40_0D2          (8.1100 -20.2100) TOP/BOTTOM 
  P3V3                 VIA0D40_0D2          (62.1500 -3.5000) TOP/BOTTOM 
  P3V3                 VIA0D40_0D2          (61.6500 -4.1000) TOP/BOTTOM 
  P3V3                 VIA0D40_0D2          (49.8000 -3.8000) TOP/BOTTOM 
  P3V3                 VIA0D40_0D2          (70.7270 -19.3270) TOP/BOTTOM 
  P3V3                 VIA0D3_0D15          (70.5971 -19.9055) TOP/BOTTOM 
  P3V3                 VIA0D3_0D15          (71.2029 -19.2945) TOP/BOTTOM 
  P3V3                 VIA0D40_0D2          (67.8730 -19.8730) TOP/BOTTOM 
  P3V3                 VIA0D40_0D2          (67.5270 -19.2000) TOP/BOTTOM 
  P3V3                 VIA0D3_0D15          (67.8000 -18.7000) TOP/BOTTOM 
  P3V3                 VIA0D3_0D15          (68.4000 -18.7000) TOP/BOTTOM 
  P3V3                 VIA0D40_0D2          (40.4790 -24.6730) TOP/BOTTOM 
  P3V3                 VIA0D40_0D2          (40.4730 -23.9000) TOP/BOTTOM 
  P3V3                 VIA0D40_0D2          (7.9000 -9.5310) TOP/BOTTOM 
  P3V3                 VIA0D40_0D2          (7.9000 -8.8000) TOP/BOTTOM 
  P3V3                 VIA0D40_0D2          (79.3000 -27.6000) TOP/BOTTOM 
  P3V3                 VIA0D40_0D2          (86.2000 -23.9000) TOP/BOTTOM 
  P3V3                 VIA0D40_0D2          (86.2730 -5.8000) TOP/BOTTOM 
  LINKLED              VIA0D3_0D15          (58.5000 -12.0500) TOP/BOTTOM 
  ACTLED               VIA0D3_0D15          (58.5000 -11.0500) TOP/BOTTOM 
  TP_P2                VIA0D3_0D15          (30.3171 -10.3039) TOP/BOTTOM 
  H2_RST               VIA0D3_0D15          (23.2429 -10.3039) TOP/BOTTOM 
  H1_RST               VIA0D3_0D15          (27.1450 -11.0060) TOP/BOTTOM 
  H1_D1                VIA0D3_0D15          (25.5171 -9.5039) TOP/BOTTOM 
  H1_D1                VIA0D25_0D15         (29.0213 -4.5113) TOP/BOTTOM 
  H1_D0                VIA0D3_0D15          (26.3171 -10.3039) TOP/BOTTOM 
  H1_D0                VIA0D25_0D15         (30.0225 -5.0125) TOP/BOTTOM 
  H1_RWDS1             VIA0D3_0D15          (25.5171 -11.1039) TOP/BOTTOM 
  H1_RWDS1             VIA0D25_0D15         (30.0225 -6.0125) TOP/BOTTOM 
  H1_RWDS0             VIA0D3_0D15          (29.5171 -9.5039) TOP/BOTTOM 
  H1_RWDS0             VIA0D25_0D15         (30.0225 -4.5125) TOP/BOTTOM 
  H1_CKN               VIA0D3_0D15          (25.5171 -8.7039) TOP/BOTTOM 
  H1_CKN               VIA0D25_0D15         (28.5175 -4.0125) TOP/BOTTOM 
  H1_CKP               VIA0D3_0D15          (26.3171 -8.7039) TOP/BOTTOM 
  H1_CKP               VIA0D25_0D15         (29.0175 -4.0125) TOP/BOTTOM 
  H1_CS                VIA0D3_0D15          (27.9171 -10.3039) TOP/BOTTOM 
  H1_D15               VIA0D3_0D15          (24.7171 -11.1039) TOP/BOTTOM 
  H1_D15               VIA0D25_0D15         (28.7700 -6.7000) TOP/BOTTOM 
  H1_D14               VIA0D3_0D15          (24.7450 -13.4060) TOP/BOTTOM 
  H1_D14               VIA0D25_0D15         (31.6500 -6.6400) TOP/BOTTOM 
  H1_D13               VIA0D3_0D15          (24.7650 -10.2560) TOP/BOTTOM 
  H1_D13               VIA0D25_0D15         (28.0213 -6.5087) TOP/BOTTOM 
  H1_D12               VIA0D3_0D15          (24.7650 -11.8560) TOP/BOTTOM 
  H1_D12               VIA0D25_0D15         (30.2800 -6.7100) TOP/BOTTOM 
  H1_D11               VIA0D3_0D15          (25.5171 -10.3039) TOP/BOTTOM 
  H1_D11               VIA0D25_0D15         (28.5213 -6.0087) TOP/BOTTOM 
  H1_D10               VIA0D3_0D15          (25.5450 -13.4060) TOP/BOTTOM 
  H1_D10               VIA0D25_0D15         (31.5187 -6.0087) TOP/BOTTOM 
  H1_D9                VIA0D3_0D15          (24.7350 -9.4860) TOP/BOTTOM 
  H1_D9                VIA0D25_0D15         (28.0213 -6.0087) TOP/BOTTOM 
  H1_D8                VIA0D3_0D15          (23.9500 -12.6710) TOP/BOTTOM 
  H1_D8                VIA0D25_0D15         (30.5187 -6.0087) TOP/BOTTOM 
  H1_D7                VIA0D3_0D15          (26.3171 -9.5039) TOP/BOTTOM 
  H1_D7                VIA0D25_0D15         (28.5213 -5.5087) TOP/BOTTOM 
  H1_D6                VIA0D3_0D15          (27.1650 -9.4560) TOP/BOTTOM 
  H1_D6                VIA0D25_0D15         (29.0175 -5.5125) TOP/BOTTOM 
  H1_D5                VIA0D3_0D15          (27.9300 -9.4710) TOP/BOTTOM 
  H1_D5                VIA0D25_0D15         (29.5213 -5.5087) TOP/BOTTOM 
  H1_D4                VIA0D3_0D15          (28.7171 -10.3039) TOP/BOTTOM 
  H1_D4                VIA0D25_0D15         (31.0225 -4.5075) TOP/BOTTOM 
  H1_D3                VIA0D3_0D15          (28.7400 -9.4810) TOP/BOTTOM 
  H1_D3                VIA0D25_0D15         (30.5225 -5.0125) TOP/BOTTOM 
  H1_D2                VIA0D3_0D15          (29.5171 -10.3039) TOP/BOTTOM 
  H1_D2                VIA0D25_0D15         (30.5187 -4.0113) TOP/BOTTOM 
  H2_D3                VIA0D3_0D15          (21.6429 -9.5039) TOP/BOTTOM 
  H2_D3                VIA0D25_0D15         (20.5187 -5.0087) TOP/BOTTOM 
  H2_RWDS1             VIA0D3_0D15          (20.8429 -11.9039) TOP/BOTTOM 
  H2_RWDS1             VIA0D25_0D15         (19.5175 -6.0125) TOP/BOTTOM 
  H2_RWDS0             VIA0D3_0D15          (22.4429 -9.5039) TOP/BOTTOM 
  H2_RWDS0             VIA0D25_0D15         (20.0225 -4.5125) TOP/BOTTOM 
  H2_CKN               VIA0D3_0D15          (19.2429 -8.7039) TOP/BOTTOM 
  H2_CKN               VIA0D25_0D15         (19.0175 -4.0125) TOP/BOTTOM 
  H2_CKP               VIA0D3_0D15          (20.0429 -8.7039) TOP/BOTTOM 
  H2_CKP               VIA0D25_0D15         (19.5219 -4.0130) TOP/BOTTOM 
  H2_CS                VIA0D3_0D15          (23.2429 -9.5039) TOP/BOTTOM 
  H2_D2                VIA0D3_0D15          (22.4429 -10.3039) TOP/BOTTOM 
  H2_D2                VIA0D25_0D15         (20.5187 -4.0113) TOP/BOTTOM 
  H2_D0                VIA0D3_0D15          (21.6429 -11.1039) TOP/BOTTOM 
  H2_D0                VIA0D25_0D15         (20.0225 -5.0125) TOP/BOTTOM 
  H2_D5                VIA0D3_0D15          (20.8429 -9.5039) TOP/BOTTOM 
  H2_D5                VIA0D25_0D15         (20.0225 -5.5125) TOP/BOTTOM 
  H2_D4                VIA0D3_0D15          (22.4429 -11.1039) TOP/BOTTOM 
  H2_D4                VIA0D25_0D15         (21.0225 -4.5075) TOP/BOTTOM 
  H2_D11               VIA0D3_0D15          (19.2429 -9.5039) TOP/BOTTOM 
  H2_D11               VIA0D25_0D15         (18.5213 -6.0087) TOP/BOTTOM 
  H2_D1                VIA0D3_0D15          (20.8429 -11.1039) TOP/BOTTOM 
  H2_D1                VIA0D25_0D15         (19.0213 -5.0087) TOP/BOTTOM 
  H2_D10               VIA0D3_0D15          (23.2429 -11.1039) TOP/BOTTOM 
  H2_D10               VIA0D25_0D15         (21.5187 -6.0087) TOP/BOTTOM 
  H2_D12               VIA0D3_0D15          (21.6429 -11.9039) TOP/BOTTOM 
  H2_D12               VIA0D25_0D15         (20.0800 -6.7100) TOP/BOTTOM 
  H2_D14               VIA0D3_0D15          (23.9650 -11.8560) TOP/BOTTOM 
  H2_D14               VIA0D25_0D15         (21.6000 -6.5900) TOP/BOTTOM 
  H2_D13               VIA0D3_0D15          (19.2429 -10.3039) TOP/BOTTOM 
  H2_D13               VIA0D25_0D15         (17.9000 -6.6300) TOP/BOTTOM 
  H2_D7                VIA0D3_0D15          (20.0429 -10.3039) TOP/BOTTOM 
  H2_D7                VIA0D25_0D15         (18.5158 -5.0092) TOP/BOTTOM 
  H2_D8                VIA0D3_0D15          (22.4429 -11.9039) TOP/BOTTOM 
  H2_D8                VIA0D25_0D15         (20.5187 -6.0087) TOP/BOTTOM 
  H2_D9                VIA0D3_0D15          (19.2429 -11.1039) TOP/BOTTOM 
  H2_D9                VIA0D25_0D15         (18.0213 -6.0087) TOP/BOTTOM 
  H2_D15               VIA0D3_0D15          (20.0429 -11.1039) TOP/BOTTOM 
  H2_D15               VIA0D25_0D15         (18.6800 -6.7100) TOP/BOTTOM 
  H2_D6                VIA0D3_0D15          (20.0429 -9.5039) TOP/BOTTOM 
  H2_D6                VIA0D25_0D15         (19.5225 -5.0075) TOP/BOTTOM 
  IR_PWR_EN            VIA0D3_0D15          (28.8000 -11.8000) TOP/BOTTOM 
  P5V0                 VIA0D40_0D2          (6.1300 -27.2100) TOP/BOTTOM 
  P5V0                 VIA0D40_0D2          (7.3000 -15.3730) TOP/BOTTOM 
  P5V0                 VIA0D40_0D2          (6.9270 -14.9270) TOP/BOTTOM 
  P5V0                 VIA0D40_0D2          (8.0000 -15.3730) TOP/BOTTOM 
  P5V0                 VIA0D40_0D2          (11.9800 -27.6600) TOP/BOTTOM 
  P5V0                 VIA0D40_0D2          (45.0300 -27.0000) TOP/BOTTOM 
  P5V0                 VIA0D40_0D2          (46.5500 -27.0000) TOP/BOTTOM 
  P5V0                 VIA0D40_0D2          (62.0300 -27.0000) TOP/BOTTOM 
  P5V0                 VIA0D40_0D2          (60.5400 -27.0000) TOP/BOTTOM 
  P1V0                 VIA0D3_0D15          (25.5800 -19.0210) TOP/BOTTOM 
  P1V0                 VIA0D40_0D2          (42.1730 -19.3000) TOP/BOTTOM 
  P1V0                 VIA0D3_0D15          (42.9000 -18.7000) TOP/BOTTOM 
  P1V0                 VIA0D3_0D15          (41.5000 -18.6900) TOP/BOTTOM 
  P1V0                 VIA0D3_0D15          (41.4770 -19.2200) TOP/BOTTOM 
  P1V0                 VIA0D3_0D15          (42.1800 -18.7000) TOP/BOTTOM 
  P2V8                 VIA0D3_0D15          (60.6770 -19.8600) TOP/BOTTOM 
  P2V8                 VIA0D3_0D15          (60.6770 -19.2900) TOP/BOTTOM 
  P1V8                 VIA0D3_0D15          (40.3000 -11.4000) TOP/BOTTOM 
  P1V8                 VIA0D3_0D15          (40.3069 -10.1000) TOP/BOTTOM 
  P1V8                 VIA0D3_0D15          (19.9000 -22.0000) TOP/BOTTOM 
  P1V8                 VIA0D3_0D15          (24.7650 -19.8560) TOP/BOTTOM 
  P1V8                 VIA0D3_0D15          (26.3171 -17.3781) TOP/BOTTOM 
  P1V8                 VIA0D3_0D15          (25.5171 -17.3781) TOP/BOTTOM 
  P1V8                 VIA0D3_0D15          (26.3171 -16.5781) TOP/BOTTOM 
  P1V8                 VIA0D3_0D15          (27.9900 -15.0310) TOP/BOTTOM 
  P1V8                 VIA0D3_0D15          (24.8250 -14.1960) TOP/BOTTOM 
  P1V8                 VIA0D40_0D2          (5.5000 -12.5310) TOP/BOTTOM 
  P1V8                 VIA0D40_0D2          (4.9000 -12.0310) TOP/BOTTOM 
  P1V8                 VIA0D3_0D15          (9.2730 -3.9000) TOP/BOTTOM 
  P1V8                 VIA0D3_0D15          (9.1000 -6.0270) TOP/BOTTOM 
  P1V8                 VIA0D3_0D15          (3.2730 -20.5000) TOP/BOTTOM 
  P1V8                 VIA0D3_0D15          (3.2730 -19.9000) TOP/BOTTOM 
  P1V8                 VIA0D3_0D15          (3.2730 -19.3000) TOP/BOTTOM 
  P1V8                 VIA0D3_0D15          (3.2790 -22.3000) TOP/BOTTOM 
  P1V8                 VIA0D3_0D15          (7.1570 -25.2660) TOP/BOTTOM 
  P1V8                 VIA0D40_0D2          (5.4000 -18.3000) TOP/BOTTOM 
  P1V8                 VIA0D40_0D2          (46.2000 -3.8000) TOP/BOTTOM 
  P1V8                 VIA0D40_0D2          (41.9000 -4.1000) TOP/BOTTOM 
  P1V8                 VIA0D40_0D2          (41.0000 -5.8000) TOP/BOTTOM 
  P1V8                 VIA0D40_0D2          (40.4790 -6.2000) TOP/BOTTOM 
  P1V8                 VIA0D40_0D2          (40.4790 -5.4270) TOP/BOTTOM 
  P1V8                 VIA0D3_0D15          (55.1002 -19.9333) TOP/BOTTOM 
  P1V8                 VIA0D3_0D15          (55.7003 -19.2672) TOP/BOTTOM 
  P1V8                 VIA0D40_0D2          (55.2270 -19.3270) TOP/BOTTOM 
  P1V8                 VIA0D40_0D2          (52.3200 -19.8730) TOP/BOTTOM 
  P1V8                 VIA0D3_0D15          (52.9100 -18.7000) TOP/BOTTOM 
  P1V8                 VIA0D3_0D15          (52.3000 -18.7000) TOP/BOTTOM 
  P1V8                 VIA0D40_0D2          (51.9000 -19.2100) TOP/BOTTOM 
  P1V8                 VIA0D3_0D15          (47.6100 -8.8600) TOP/BOTTOM 
  P1V8                 VIA0D3_0D15          (47.6000 -9.2800) TOP/BOTTOM 
  BIO-3                VIA0D3_0D15          (22.4429 -16.5781) TOP/BOTTOM 
  IR_D4                VIA0D3_0D15          (23.2429 -16.5781) TOP/BOTTOM 
  IR_D4                VIA0D25_0D15         (12.9300 -17.8100) TOP/BOTTOM 
  IR_D13               VIA0D3_0D15          (21.6429 -12.7039) TOP/BOTTOM 
  IR_D13               VIA0D25_0D15         (10.3620 -15.8100) TOP/BOTTOM 
  IR_D9                VIA0D3_0D15          (19.2429 -14.3039) TOP/BOTTOM 
  IR_D9                VIA0D25_0D15         (8.1000 -16.6100) TOP/BOTTOM 
  JTAG_EN              VIA0D3_0D15          (23.1650 -19.0560) TOP/BOTTOM 
  TDO                  VIA0D3_0D15          (20.0429 -18.1781) TOP/BOTTOM 
  TDI                  VIA0D3_0D15          (22.4429 -17.3781) TOP/BOTTOM 
  TMS                  VIA0D3_0D15          (22.4429 -18.1781) TOP/BOTTOM 
  PROGRAM_N            VIA0D3_0D15          (21.6429 -19.7781) TOP/BOTTOM 
  PROGRAM_N            VIA0D3_0D15          (18.2000 -24.1000) TOP/BOTTOM 
  TCK                  VIA0D3_0D15          (20.0429 -17.3781) TOP/BOTTOM 
  MD3                  VIA0D3_0D15          (21.6150 -19.0060) TOP/BOTTOM 
  MD3                  VIA0D3_0D15          (15.6530 -24.7100) TOP/BOTTOM 
  MD2                  VIA0D3_0D15          (19.2429 -18.9781) TOP/BOTTOM 
  MD2                  VIA0D3_0D15          (8.1800 -25.9500) TOP/BOTTOM 
  MD1                  VIA0D3_0D15          (18.4150 -19.0060) TOP/BOTTOM 
  MD1                  VIA0D3_0D15          (8.1800 -24.6800) TOP/BOTTOM 
  MD0                  VIA0D3_0D15          (20.0429 -19.7781) TOP/BOTTOM 
  MD0                  VIA0D3_0D15          (15.6805 -26.8626) TOP/BOTTOM 
  MCSN                 VIA0D3_0D15          (19.2429 -19.7781) TOP/BOTTOM 
  MCSN                 VIA0D3_0D15          (9.9270 -23.4100) TOP/BOTTOM 
  INIT_N               VIA0D3_0D15          (17.8700 -22.8800) TOP/BOTTOM 
  INIT_N               VIA0D3_0D15          (22.3650 -19.0560) TOP/BOTTOM 
  SYS_CLK              VIA0D3_0D15          (28.7300 -19.0210) TOP/BOTTOM 
  SYS_CLK              VIA0D3_0D15          (28.7000 -21.7000) TOP/BOTTOM 
  DVP_D2               VIA0D3_0D15          (26.3650 -19.0560) TOP/BOTTOM 
  DVP_D2               VIA0D3_0D15          (38.3270 -19.7500) TOP/BOTTOM 
  DVP_D1               VIA0D3_0D15          (26.3900 -18.2310) TOP/BOTTOM 
  DVP_D1               VIA0D3_0D15          (38.6660 -19.2480) TOP/BOTTOM 
  DVP_D3               VIA0D3_0D15          (27.1800 -18.2710) TOP/BOTTOM 
  DVP_D3               VIA0D3_0D15          (38.3270 -18.7600) TOP/BOTTOM 
  DVP_D0               VIA0D3_0D15          (27.9800 -18.2710) TOP/BOTTOM 
  DVP_D0               VIA0D3_0D15          (39.3000 -18.2500) TOP/BOTTOM 
  DVP_D4               VIA0D3_0D15          (27.9700 -19.0310) TOP/BOTTOM 
  DVP_D4               VIA0D3_0D15          (38.3270 -17.7600) TOP/BOTTOM 
  DVP_PCLK             VIA0D3_0D15          (28.7171 -17.3781) TOP/BOTTOM 
  DVP_PCLK             VIA0D3_0D15          (39.8000 -17.2600) TOP/BOTTOM 
  DVP_D5               VIA0D3_0D15          (27.1171 -17.3781) TOP/BOTTOM 
  DVP_D5               VIA0D3_0D15          (38.3270 -16.7600) TOP/BOTTOM 
  DVP_D6               VIA0D3_0D15          (29.5700 -16.6310) TOP/BOTTOM 
  DVP_D6               VIA0D3_0D15          (38.3270 -15.7500) TOP/BOTTOM 
  DVP_D7               VIA0D3_0D15          (30.3450 -15.8060) TOP/BOTTOM 
  DVP_D7               VIA0D3_0D15          (38.3270 -14.7600) TOP/BOTTOM 
  DVP_HSYNC            VIA0D3_0D15          (29.5700 -15.8310) TOP/BOTTOM 
  DVP_HSYNC            VIA0D3_0D15          (38.8900 -13.2500) TOP/BOTTOM 
  DVP_VSYNC            VIA0D3_0D15          (28.7700 -15.8310) TOP/BOTTOM 
  DVP_VSYNC            VIA0D3_0D15          (38.3270 -12.2500) TOP/BOTTOM 
  DVP_PWDN             VIA0D3_0D15          (30.3650 -14.2560) TOP/BOTTOM 
  DVP_PWDN             VIA0D3_0D15          (38.5570 -12.7600) TOP/BOTTOM 
  DVP_SCL              VIA0D3_0D15          (29.5400 -12.6810) TOP/BOTTOM 
  DVP_SDA              VIA0D3_0D15          (30.3605 -11.8605) TOP/BOTTOM 
  IR_D7                VIA0D25_0D15         (8.3580 -17.0100) TOP/BOTTOM 
  IR_D7                VIA0D3_0D15          (19.1800 -15.8600) TOP/BOTTOM 
  GND                  VIA0D40_0D2          (11.8800 -25.5100) TOP/BOTTOM 
  GND                  VIA0D40_0D2          (41.5000 -15.7300) TOP/BOTTOM 
  GND                  VIA0D40_0D2          (62.7000 -15.5000) TOP/BOTTOM 
  GND                  VIA0D40_0D2          (61.9000 -15.5000) TOP/BOTTOM 
  GND                  VIA0D40_0D2          (61.1000 -15.5000) TOP/BOTTOM 
  GND                  VIA0D40_0D2          (60.4000 -15.5000) TOP/BOTTOM 
  GND                  VIA0D40_0D2          (57.5000 -14.2000) TOP/BOTTOM 
  GND                  VIA0D40_0D2          (56.7000 -14.2000) TOP/BOTTOM 
  GND                  VIA0D40_0D2          (55.9000 -14.2000) TOP/BOTTOM 
  GND                  VIA0D40_0D2          (57.5000 -13.4000) TOP/BOTTOM 
  GND                  VIA0D40_0D2          (56.7000 -13.4000) TOP/BOTTOM 
  GND                  VIA0D40_0D2          (55.9000 -13.4000) TOP/BOTTOM 
  GND                  VIA0D40_0D2          (4.3000 -15.6000) TOP/BOTTOM 
  GND                  VIA0D40_0D2          (3.6000 -15.6000) TOP/BOTTOM 
  GND                  VIA0315_L7_L8        (21.6000 -7.1000) GND-7/BOTTOM 
  GND                  VIA0D3_0D15          (2.4000 -22.5000) TOP/BOTTOM 
  GND                  VIA0D3_0D15          (2.4000 -21.8000) TOP/BOTTOM 
  GND                  VIA0D3_0D15          (2.4000 -21.0000) TOP/BOTTOM 
  GND                  VIA0D3_0D15          (2.4000 -20.3000) TOP/BOTTOM 
  GND                  VIA0D3_0D15          (2.4000 -19.6000) TOP/BOTTOM 
  GND                  VIA0D3_0D15          (2.4000 -18.9000) TOP/BOTTOM 
  GND                  VIA0D40_0D2          (2.5000 -24.8000) TOP/BOTTOM 
  GND                  VIA0D40_0D2          (2.5000 -24.1000) TOP/BOTTOM 
  GND                  VIA0D40_0D2          (2.5000 -23.4000) TOP/BOTTOM 
  GND                  VIA0D40_0D2          (2.6000 -18.2000) TOP/BOTTOM 
  GND                  VIA0D40_0D2          (2.6000 -17.5000) TOP/BOTTOM 
  GND                  VIA0D40_0D2          (2.6000 -16.7000) TOP/BOTTOM 
  GND                  VIA0D40_0D2          (2.6000 -15.8000) TOP/BOTTOM 
  GND                  VIA0D40_0D2          (2.6000 -14.9000) TOP/BOTTOM 
  GND                  VIA0D40_0D2          (2.6000 -14.0000) TOP/BOTTOM 
  GND                  VIA0D40_0D2          (2.6000 -13.1000) TOP/BOTTOM 
  GND                  VIA0D40_0D2          (2.6000 -12.3000) TOP/BOTTOM 
  GND                  VIA0D40_0D2          (2.6000 -11.4000) TOP/BOTTOM 
  GND                  VIA0D40_0D2          (2.6000 -10.6000) TOP/BOTTOM 
  GND                  VIA0D40_0D2          (2.6000 -9.8000) TOP/BOTTOM 
  GND                  VIA0D40_0D2          (2.6000 -9.0000) TOP/BOTTOM 
  GND                  VIA0D40_0D2          (2.6000 -8.3000) TOP/BOTTOM 
  GND                  VIA0D40_0D2          (2.6000 -7.5000) TOP/BOTTOM 
  GND                  VIA0D40_0D2          (2.6000 -6.8000) TOP/BOTTOM 
  GND                  VIA0D40_0D2          (2.6000 -6.1000) TOP/BOTTOM 
  GND                  VIA0D40_0D2          (2.6000 -5.4000) TOP/BOTTOM 
  GND                  VIA0D40_0D2          (11.3000 -25.0000) TOP/BOTTOM 
  GND                  VIA0D40_0D2          (12.5000 -25.0000) TOP/BOTTOM 
  GND                  VIA0D40_0D2          (27.4000 -25.4000) TOP/BOTTOM 
  GND                  VIA0D40_0D2          (26.6000 -25.4000) TOP/BOTTOM 
  GND                  VIA0D3_0D15          (29.7730 -23.4000) TOP/BOTTOM 
  GND                  VIA0D3_0D15          (7.1570 -25.8100) TOP/BOTTOM 
  GND                  VIA0D40_0D2          (70.1900 -16.4270) TOP/BOTTOM 
  GND                  VIA0D40_0D2          (70.9100 -16.4270) TOP/BOTTOM 
  GND                  VIA0D40_0D2          (71.6700 -16.4270) TOP/BOTTOM 
  GND                  VIA0D3_0D15          (71.8200 -17.0500) TOP/BOTTOM 
  GND                  VIA0D3_0D15          (71.8200 -17.6500) TOP/BOTTOM 
  GND                  VIA0D3_0D15          (71.8200 -18.1730) TOP/BOTTOM 
  GND                  VIA0D40_0D2          (71.1000 -22.7800) TOP/BOTTOM 
  GND                  VIA0D40_0D2          (72.1000 -25.1000) TOP/BOTTOM 
  GND                  VIA0D3_0D15          (62.7000 -2.3000) TOP/BOTTOM 
  GND                  VIA0D3_0D15          (63.3000 -2.3000) TOP/BOTTOM 
  GND                  VIA0D3_0D15          (63.3560 -10.5730) TOP/BOTTOM 
  GND                  VIA0D40_0D2          (61.1500 -14.4000) TOP/BOTTOM 
  GND                  VIA0D40_0D2          (64.0200 -20.6400) TOP/BOTTOM 
  GND                  VIA0D3_0D15          (64.6600 -20.5900) TOP/BOTTOM 
  GND                  VIA0D40_0D2          (60.7000 -9.3000) TOP/BOTTOM 
  GND                  VIA0D3_0D15          (59.6000 -10.6000) TOP/BOTTOM 
  GND                  VIA0D40_0D2          (58.9000 -10.0500) TOP/BOTTOM 
  GND                  VIA0D40_0D2          (60.1770 -16.4400) TOP/BOTTOM 
  GND                  VIA0D40_0D2          (60.7900 -16.4370) TOP/BOTTOM 
  GND                  VIA0D40_0D2          (62.2300 -16.4370) TOP/BOTTOM 
  GND                  VIA0D40_0D2          (61.4800 -16.4370) TOP/BOTTOM 
  GND                  VIA0D3_0D15          (61.8500 -16.8400) TOP/BOTTOM 
  GND                  VIA0D3_0D15          (56.9000 -5.8000) TOP/BOTTOM 
  GND                  VIA0D40_0D2          (57.4400 -22.8100) TOP/BOTTOM 
  GND                  VIA0D40_0D2          (55.6300 -22.6300) TOP/BOTTOM 
  GND                  VIA0D3_0D15          (54.2000 -8.2000) TOP/BOTTOM 
  GND                  VIA0D3_0D15          (54.6000 -10.5000) TOP/BOTTOM 
  GND                  VIA0D40_0D2          (53.6000 -10.8000) TOP/BOTTOM 
  GND                  VIA0D3_0D15          (53.7000 -11.8000) TOP/BOTTOM 
  GND                  VIA0D40_0D2          (55.0000 -13.8000) TOP/BOTTOM 
  GND                  VIA0D40_0D2          (54.6970 -16.4270) TOP/BOTTOM 
  GND                  VIA0D40_0D2          (55.7230 -16.4270) TOP/BOTTOM 
  GND                  VIA0D3_0D15          (55.2200 -16.4800) TOP/BOTTOM 
  GND                  VIA0D3_0D15          (56.1900 -17.1900) TOP/BOTTOM 
  GND                  VIA0D3_0D15          (56.1900 -17.7000) TOP/BOTTOM 
  GND                  VIA0D3_0D15          (56.2000 -18.1800) TOP/BOTTOM 
  GND                  VIA0D3_0D15          (56.1887 -16.6593) TOP/BOTTOM 
  GND                  VIA0D40_0D2          (51.9000 -8.7000) TOP/BOTTOM 
  GND                  VIA0D40_0D2          (48.0100 -2.9300) TOP/BOTTOM 
  GND                  VIA0D3_0D15          (47.3900 -5.8100) TOP/BOTTOM 
  GND                  VIA0D3_0D15          (48.5000 -5.8500) TOP/BOTTOM 
  GND                  VIA0D3_0D15          (47.4700 -7.8200) TOP/BOTTOM 
  GND                  VIA0D3_0D15          (47.9700 -6.8100) TOP/BOTTOM 
  GND                  VIA0D3_0D15          (48.4500 -7.7600) TOP/BOTTOM 
  GND                  VIA0D40_0D2          (49.7900 -20.8200) TOP/BOTTOM 
  GND                  VIA0D3_0D15          (49.0900 -20.6700) TOP/BOTTOM 
  GND                  VIA0D3_0D15          (47.7000 -20.4200) TOP/BOTTOM 
  GND                  VIA0D40_0D2          (43.8000 -10.1000) TOP/BOTTOM 
  GND                  VIA0D40_0D2          (44.5200 -16.4370) TOP/BOTTOM 
  GND                  VIA0D40_0D2          (45.2200 -16.4370) TOP/BOTTOM 
  GND                  VIA0D40_0D2          (46.5200 -16.4370) TOP/BOTTOM 
  GND                  VIA0D3_0D15          (45.8700 -16.4700) TOP/BOTTOM 
  GND                  VIA0D40_0D2          (41.7700 -22.6400) TOP/BOTTOM 
  GND                  VIA0D40_0D2          (35.1000 -18.4000) TOP/BOTTOM 
  GND                  VIA0D40_0D2          (27.0000 -23.6000) TOP/BOTTOM 
  GND                  VIA0D40_0D2          (16.5480 -3.5020) TOP/BOTTOM 
  GND                  VIA0D40_0D2          (14.4000 -6.3000) TOP/BOTTOM 
  GND                  VIA0D40_0D2          (11.3000 -24.0000) TOP/BOTTOM 
  GND                  VIA0D40_0D2          (11.9000 -24.5000) TOP/BOTTOM 
  GND                  VIA0D40_0D2          (12.5000 -24.0000) TOP/BOTTOM 
  GND                  VIA0D40_0D2          (10.2000 -5.6000) TOP/BOTTOM 
  GND                  VIA0D3_0D15          (9.7000 -6.0210) TOP/BOTTOM 
  GND                  VIA0D40_0D2          (5.4310 -10.0310) TOP/BOTTOM 
  GND                  VIA0D40_0D2          (7.3410 -13.5410) TOP/BOTTOM 
  GND                  VIA0D40_0D2          (4.8310 -10.5310) TOP/BOTTOM 
  GND                  VIA0D3_0D15          (3.2790 -21.1000) TOP/BOTTOM 
  GND                  VIA0315_L7_L8        (28.3817 -18.6169) GND-7/BOTTOM 
  GND                  VIA0315_L7_L8        (29.5000 -4.1000) GND-7/BOTTOM 
  GND                  VIA0315_L7_L8        (30.9570 -5.5000) GND-7/BOTTOM 
  IR_D2                VIA0D3_0D15          (24.0429 -17.3781) TOP/BOTTOM 
  IR_D2                VIA0D25_0D15         (14.6000 -18.2100) TOP/BOTTOM 
  IR_HSYNC             VIA0D3_0D15          (19.2429 -11.9039) TOP/BOTTOM 
  IR_HSYNC             VIA0D25_0D15         (12.9800 -15.4100) TOP/BOTTOM 
  IR_D3                VIA0D3_0D15          (20.8429 -18.1781) TOP/BOTTOM 
  IR_D3                VIA0D25_0D15         (10.5800 -17.8100) TOP/BOTTOM 
  IR_D1                VIA0D3_0D15          (21.6429 -18.1781) TOP/BOTTOM 
  IR_D1                VIA0D25_0D15         (10.3620 -18.2100) TOP/BOTTOM 
  IR_D8                VIA0D3_0D15          (24.0429 -16.5781) TOP/BOTTOM 
  IR_D8                VIA0D25_0D15         (12.9300 -17.0100) TOP/BOTTOM 
  IR_D0                VIA0D3_0D15          (19.1800 -18.2210) TOP/BOTTOM 
  IR_D0                VIA0D25_0D15         (12.9300 -18.6100) TOP/BOTTOM 
  IR_PCLK              VIA0D3_0D15          (20.0429 -11.9039) TOP/BOTTOM 
  IR_PCLK              VIA0D25_0D15         (12.9800 -14.4100) TOP/BOTTOM 
  IR_D10               VIA0D3_0D15          (25.5650 -14.2560) TOP/BOTTOM 
  IR_D10               VIA0D25_0D15         (15.1300 -16.6100) TOP/BOTTOM 
  IR_VSYNC             VIA0D3_0D15          (18.4429 -11.1039) TOP/BOTTOM 
  IR_VSYNC             VIA0D25_0D15         (10.3620 -15.0100) TOP/BOTTOM 
  IR_5V0               VIA0D40_0D2          (13.0000 -21.6000) TOP/BOTTOM 
  IR_5V0               VIA0D40_0D2          (8.1000 -21.6000) TOP/BOTTOM 
  IR_D5                VIA0D3_0D15          (19.1900 -17.4310) TOP/BOTTOM 
  IR_D5                VIA0D25_0D15         (8.1000 -17.4100) TOP/BOTTOM 
  IR_D6                VIA0D3_0D15          (24.0429 -18.1781) TOP/BOTTOM 
  IR_D6                VIA0D25_0D15         (16.0300 -17.4100) TOP/BOTTOM 
  IR_D12               VIA0D3_0D15          (22.4429 -14.3039) TOP/BOTTOM 
  IR_D12               VIA0D25_0D15         (13.6800 -16.2100) TOP/BOTTOM 
  IR_D11               VIA0D3_0D15          (21.6100 -13.4710) TOP/BOTTOM 
  IR_D11               VIA0D25_0D15         (8.3580 -16.2100) TOP/BOTTOM 

<< Summary >>
  Total dangling lines:       9
  Total dangling vias:       15
  Total antenna vias:       388
