(---------------------------------------------------------------------)
(                                                                     )
(    ARTWORK LOG                                                      )
(                                                                     )
(    Drawing          : DPU_PoE_A1_Oct-13.brd                         )
(    Software Version : 22.1P001                                      )
(    Date/Time        : Mon Oct 13 09:48:08 2025                      )
(                                                                     )
(---------------------------------------------------------------------)


 ---- Photoplot outline rectangle not found; using drawing extents.



Results from parameter file ...
    DEVICE-TYPE           GERBER_RS274X
    OUTPUT-UNITS          MM
    FILM-SIZE             2400000 1600000
    FORMAT                2.5
    ABORT-ON-ERROR        NO
    SCALE                 1
    SUPPRESS-LEAD-ZEROES  YES
    SUPPRESS-TRAIL-ZEROES NO
    SUPPRESS-EQUAL        YES
    UNDEF-APT-CONT        NO



================================================================
     PROCESSING FILM < TOP >
     TO FILE < F:/3-MyLaptopDIR/DPU_PoE_Version/PCB/TOP.art > ...
================================================================

  FILM PARAMETERS :
  ---------------------------------------------------------
  Undefined line width                0.2540
  Mirror code                         NONE
  Rotate angle                        NONE
  Offset x:                           0.0000
  Offset y:                           0.0000
  Plot negative                       NO
  Suppress unconnected internal pads  NO
  Draw holes only                     NO

    WARNING: Film contains objects with associated DRCs (864).
           In the design editor view this film and enable visibility for the
           associated DRC layer. Verify the DRCs are approved exceptions to your rules.


  APERTURES USED:
  ---------------------------------------------------------
  TYPE       SIZE/NAME                   ROT   MIRROR MODE 
  ---------------------------------------------------------
  CIRCLE     0.10160                                  DARK 
  CIRCLE     0.12000                                  DARK 
  CIRCLE     0.12300                                  DARK 
  CIRCLE     0.12500                                  DARK 
  CIRCLE     0.15000                                  DARK 
  CIRCLE     0.15650                                  DARK 
  CIRCLE     0.16000                                  DARK 
  CIRCLE     0.18000                                  DARK 
  CIRCLE     0.20000                                  DARK 
  CIRCLE     0.22000                                  DARK 
  CIRCLE     0.25000                                  DARK 
  CIRCLE     0.30000                                  DARK 
  CIRCLE     0.40000                                  DARK 
  CIRCLE     0.45000                                  DARK 
  CIRCLE     0.50000                                  DARK 
  CIRCLE     0.80000                                  DARK 
  CIRCLE     1.00000                                  DARK 
  CIRCLE     1.20000                                  DARK 
  CIRCLE     1.40000                                  DARK 
  CIRCLE     1.50000                                  DARK 
  CIRCLE     2.20000                                  DARK 
  CIRCLE     2.30000                                  DARK 
  CIRCLE     3.10000                                  DARK 
  RECTANGLE  0.20000     x 0.30000       0.000 NO     DARK 
  RECTANGLE  0.20000     x 0.30000      90.000 NO     DARK 
  RECTANGLE  0.20000     x 1.50000       0.000 NO     DARK 
  RECTANGLE  0.25000     x 0.15000       0.000 NO     DARK 
  RECTANGLE  0.25000     x 0.15000      90.000 NO     DARK 
  RECTANGLE  0.28000     x 0.68000       0.000 NO     DARK 
  RECTANGLE  0.28000     x 0.68000      90.000 NO     DARK 
  RECTANGLE  0.30000     x 0.80000      90.000 NO     DARK 
  RECTANGLE  0.30000     x 1.50000      90.000 NO     DARK 
  RECTANGLE  0.50000     x 1.00000      90.000 NO     DARK 
  RECTANGLE  0.51000     x 1.27000      90.000 NO     DARK 
  RECTANGLE  0.60000     x 0.80000       0.000 NO     DARK 
  RECTANGLE  0.60000     x 0.80000      90.000 NO     DARK 
  RECTANGLE  0.60000     x 1.00000      90.000 NO     DARK 
  RECTANGLE  0.80000     x 0.90000       0.000 NO     DARK 
  RECTANGLE  0.80000     x 0.90000      90.000 NO     DARK 
  RECTANGLE  0.80000     x 1.60000       0.000 NO     DARK 
  RECTANGLE  0.90000     x 1.00000       0.000 NO     DARK 
  RECTANGLE  1.50000     x 1.60000      90.000 NO     DARK 
  RECTANGLE  1.50000     x 1.80000       0.000 NO     DARK 
  RECTANGLE  1.80000     x 3.20000       0.000 NO     DARK 
  RECTANGLE  2.00000     x 3.00000       0.000 NO     DARK 

     TOP created with warnings


================================================================
     PROCESSING FILM < GND-2 >
     TO FILE < F:/3-MyLaptopDIR/DPU_PoE_Version/PCB/GND-2.art > ...
================================================================

  FILM PARAMETERS :
  ---------------------------------------------------------
  Undefined line width                0.2540
  Mirror code                         NONE
  Rotate angle                        NONE
  Offset x:                           0.0254
  Offset y:                           0.0000
  Plot negative                       NO
  Suppress unconnected internal pads  NO
  Draw holes only                     NO

    WARNING: Film contains objects with associated DRCs (36).
           In the design editor view this film and enable visibility for the
           associated DRC layer. Verify the DRCs are approved exceptions to your rules.


  APERTURES USED:
  ---------------------------------------------------------
  TYPE       SIZE/NAME                   ROT   MIRROR MODE 
  ---------------------------------------------------------
  CIRCLE     0.10160                                  DARK 
  CIRCLE     0.12500                                  DARK 
  CIRCLE     0.15000                                  DARK 
  CIRCLE     0.20000                                  DARK 
  CIRCLE     0.25000                                  DARK 
  CIRCLE     0.30000                                  DARK 
  CIRCLE     0.40000                                  DARK 
  CIRCLE     1.20000                                  DARK 
  CIRCLE     1.40000                                  DARK 
  CIRCLE     1.50000                                  DARK 
  CIRCLE     2.20000                                  DARK 
  CIRCLE     2.30000                                  DARK 
  CIRCLE     3.10000                                  DARK 

     GND-2 created with warnings


================================================================
     PROCESSING FILM < SIG-3 >
     TO FILE < F:/3-MyLaptopDIR/DPU_PoE_Version/PCB/SIG-3.art > ...
================================================================

  FILM PARAMETERS :
  ---------------------------------------------------------
  Undefined line width                0.2540
  Mirror code                         NONE
  Rotate angle                        NONE
  Offset x:                           0.0000
  Offset y:                           0.0000
  Plot negative                       NO
  Suppress unconnected internal pads  NO
  Draw holes only                     NO

    WARNING: Film contains objects with associated DRCs (235).
           In the design editor view this film and enable visibility for the
           associated DRC layer. Verify the DRCs are approved exceptions to your rules.


  APERTURES USED:
  ---------------------------------------------------------
  TYPE       SIZE/NAME                   ROT   MIRROR MODE 
  ---------------------------------------------------------
  CIRCLE     0.10160                                  DARK 
  CIRCLE     0.16000                                  DARK 
  CIRCLE     0.20000                                  DARK 
  CIRCLE     0.25000                                  DARK 
  CIRCLE     0.30000                                  DARK 
  CIRCLE     0.40000                                  DARK 
  CIRCLE     0.60000                                  DARK 
  CIRCLE     1.20000                                  DARK 
  CIRCLE     1.40000                                  DARK 
  CIRCLE     1.50000                                  DARK 
  CIRCLE     2.20000                                  DARK 
  CIRCLE     2.30000                                  DARK 
  CIRCLE     3.10000                                  DARK 

     SIG-3 created with warnings


================================================================
     PROCESSING FILM < VCC-4 >
     TO FILE < F:/3-MyLaptopDIR/DPU_PoE_Version/PCB/VCC-4.art > ...
================================================================

  FILM PARAMETERS :
  ---------------------------------------------------------
  Undefined line width                0.2540
  Mirror code                         NONE
  Rotate angle                        NONE
  Offset x:                           0.0000
  Offset y:                           0.0000
  Plot negative                       NO
  Suppress unconnected internal pads  NO
  Draw holes only                     NO

    WARNING: Film contains objects with associated DRCs (12).
           In the design editor view this film and enable visibility for the
           associated DRC layer. Verify the DRCs are approved exceptions to your rules.


  APERTURES USED:
  ---------------------------------------------------------
  TYPE       SIZE/NAME                   ROT   MIRROR MODE 
  ---------------------------------------------------------
  CIRCLE     0.10160                                  DARK 
  CIRCLE     0.15000                                  DARK 
  CIRCLE     0.25000                                  DARK 
  CIRCLE     0.30000                                  DARK 
  CIRCLE     0.35000                                  DARK 
  CIRCLE     0.40000                                  DARK 
  CIRCLE     0.50000                                  DARK 
  CIRCLE     1.20000                                  DARK 
  CIRCLE     1.40000                                  DARK 
  CIRCLE     1.50000                                  DARK 
  CIRCLE     2.20000                                  DARK 
  CIRCLE     2.30000                                  DARK 
  CIRCLE     3.10000                                  DARK 

     VCC-4 created with warnings


================================================================
     PROCESSING FILM < GND-5 >
     TO FILE < F:/3-MyLaptopDIR/DPU_PoE_Version/PCB/GND-5.art > ...
================================================================

  FILM PARAMETERS :
  ---------------------------------------------------------
  Undefined line width                0.2540
  Mirror code                         NONE
  Rotate angle                        NONE
  Offset x:                           0.0254
  Offset y:                           0.0000
  Plot negative                       NO
  Suppress unconnected internal pads  NO
  Draw holes only                     NO



  APERTURES USED:
  ---------------------------------------------------------
  TYPE       SIZE/NAME                   ROT   MIRROR MODE 
  ---------------------------------------------------------
  CIRCLE     0.15000                                  DARK 
  CIRCLE     0.25000                                  DARK 
  CIRCLE     0.30000                                  DARK 
  CIRCLE     0.40000                                  DARK 
  CIRCLE     1.20000                                  DARK 
  CIRCLE     1.40000                                  DARK 
  CIRCLE     1.50000                                  DARK 
  CIRCLE     2.20000                                  DARK 
  CIRCLE     2.30000                                  DARK 
  CIRCLE     3.10000                                  DARK 

     GND-5 created.


================================================================
     PROCESSING FILM < SIG-6 >
     TO FILE < F:/3-MyLaptopDIR/DPU_PoE_Version/PCB/SIG-6.art > ...
================================================================

  FILM PARAMETERS :
  ---------------------------------------------------------
  Undefined line width                0.2540
  Mirror code                         NONE
  Rotate angle                        NONE
  Offset x:                           0.0000
  Offset y:                           0.0000
  Plot negative                       NO
  Suppress unconnected internal pads  NO
  Draw holes only                     NO

    WARNING: Film contains objects with associated DRCs (334).
           In the design editor view this film and enable visibility for the
           associated DRC layer. Verify the DRCs are approved exceptions to your rules.


  APERTURES USED:
  ---------------------------------------------------------
  TYPE       SIZE/NAME                   ROT   MIRROR MODE 
  ---------------------------------------------------------
  CIRCLE     0.10160                                  DARK 
  CIRCLE     0.15000                                  DARK 
  CIRCLE     0.20000                                  DARK 
  CIRCLE     0.25000                                  DARK 
  CIRCLE     0.30000                                  DARK 
  CIRCLE     0.40000                                  DARK 
  CIRCLE     1.20000                                  DARK 
  CIRCLE     1.40000                                  DARK 
  CIRCLE     1.50000                                  DARK 
  CIRCLE     2.20000                                  DARK 
  CIRCLE     2.30000                                  DARK 
  CIRCLE     3.10000                                  DARK 

     SIG-6 created with warnings


================================================================
     PROCESSING FILM < GND-7 >
     TO FILE < F:/3-MyLaptopDIR/DPU_PoE_Version/PCB/GND-7.art > ...
================================================================

  FILM PARAMETERS :
  ---------------------------------------------------------
  Undefined line width                0.2540
  Mirror code                         NONE
  Rotate angle                        NONE
  Offset x:                           0.0254
  Offset y:                           0.0000
  Plot negative                       NO
  Suppress unconnected internal pads  NO
  Draw holes only                     NO



  APERTURES USED:
  ---------------------------------------------------------
  TYPE       SIZE/NAME                   ROT   MIRROR MODE 
  ---------------------------------------------------------
  CIRCLE     0.15000                                  DARK 
  CIRCLE     0.25000                                  DARK 
  CIRCLE     0.30000                                  DARK 
  CIRCLE     0.40000                                  DARK 
  CIRCLE     1.20000                                  DARK 
  CIRCLE     1.40000                                  DARK 
  CIRCLE     1.50000                                  DARK 
  CIRCLE     2.20000                                  DARK 
  CIRCLE     2.30000                                  DARK 
  CIRCLE     3.10000                                  DARK 

     GND-7 created.


================================================================
     PROCESSING FILM < BOTTOM >
     TO FILE < F:/3-MyLaptopDIR/DPU_PoE_Version/PCB/BOTTOM.art > ...
================================================================

  FILM PARAMETERS :
  ---------------------------------------------------------
  Undefined line width                0.2540
  Mirror code                         NONE
  Rotate angle                        NONE
  Offset x:                           0.0000
  Offset y:                           0.0000
  Plot negative                       NO
  Suppress unconnected internal pads  NO
  Draw holes only                     NO

    WARNING: Film contains objects with associated DRCs (288).
           In the design editor view this film and enable visibility for the
           associated DRC layer. Verify the DRCs are approved exceptions to your rules.


  APERTURES USED:
  ---------------------------------------------------------
  TYPE       SIZE/NAME                   ROT   MIRROR MODE 
  ---------------------------------------------------------
  CIRCLE     0.10160                                  DARK 
  CIRCLE     0.12000                                  DARK 
  CIRCLE     0.12300                                  DARK 
  CIRCLE     0.12500                                  DARK 
  CIRCLE     0.13000                                  DARK 
  CIRCLE     0.15000                                  DARK 
  CIRCLE     0.15650                                  DARK 
  CIRCLE     0.16000                                  DARK 
  CIRCLE     0.18000                                  DARK 
  CIRCLE     0.20000                                  DARK 
  CIRCLE     0.25000                                  DARK 
  CIRCLE     0.28000                                  DARK 
  CIRCLE     0.30000                                  DARK 
  CIRCLE     0.40000                                  DARK 
  CIRCLE     0.60000                                  DARK 
  CIRCLE     1.00000                                  DARK 
  CIRCLE     1.20000                                  DARK 
  CIRCLE     1.40000                                  DARK 
  CIRCLE     1.50000                                  DARK 
  CIRCLE     2.20000                                  DARK 
  CIRCLE     2.30000                                  DARK 
  CIRCLE     3.10000                                  DARK 
  SQUARE     0.50000                     0.000 NO     DARK 
  SQUARE     1.50000                     0.000 NO     DARK 
  RECTANGLE  0.20000     x 0.30000       0.000 NO     DARK 
  RECTANGLE  0.20000     x 0.30000      90.000 NO     DARK 
  RECTANGLE  0.20000     x 0.70000      90.000 NO     DARK 
  RECTANGLE  0.20000     x 1.50000      90.000 NO     DARK 
  RECTANGLE  0.25000     x 0.15000       0.000 NO     DARK 
  RECTANGLE  0.25000     x 0.60000       0.000 NO     DARK 
  RECTANGLE  0.25000     x 0.60000      90.000 NO     DARK 
  RECTANGLE  0.30000     x 0.80000      90.000 NO     DARK 
  RECTANGLE  0.30000     x 1.50000       0.000 NO     DARK 
  RECTANGLE  0.30000     x 1.50000      90.000 NO     DARK 
  RECTANGLE  0.30000     x 2.00000       0.000 NO     DARK 
  RECTANGLE  0.60000     x 0.80000       0.000 NO     DARK 
  RECTANGLE  0.60000     x 0.80000      90.000 NO     DARK 
  RECTANGLE  0.60000     x 1.20000       0.000 NO     DARK 
  RECTANGLE  0.80000     x 0.90000       0.000 NO     DARK 
  RECTANGLE  1.50000     x 1.60000       0.000 NO     DARK 
  RECTANGLE  1.80000     x 3.20000      90.000 NO     DARK 
  RECTANGLE  2.20000     x 1.05000       0.000 NO     DARK 

     BOTTOM created with warnings


================================================================
     PROCESSING FILM < SILKSCREEN_TOP >
     TO FILE < F:/3-MyLaptopDIR/DPU_PoE_Version/PCB/SILKSCREEN_TOP.art > ...
================================================================

  FILM PARAMETERS :
  ---------------------------------------------------------
  Undefined line width                0.2540
  Mirror code                         NONE
  Rotate angle                        NONE
  Offset x:                           0.0000
  Offset y:                           0.0000
  Plot negative                       NO
  Suppress unconnected internal pads  NO
  Draw holes only                     NO



  APERTURES USED:
  ---------------------------------------------------------
  TYPE       SIZE/NAME                   ROT   MIRROR MODE 
  ---------------------------------------------------------
  CIRCLE     0.02500                                  DARK 
  CIRCLE     0.04000                                  DARK 
  CIRCLE     0.05000                                  DARK 
  CIRCLE     0.06000                                  DARK 
  CIRCLE     0.10000                                  DARK 
  CIRCLE     0.20000                                  DARK 

     SILKSCREEN_TOP created.


================================================================
     PROCESSING FILM < SILKSCREEN_BOTTOM >
     TO FILE < F:/3-MyLaptopDIR/DPU_PoE_Version/PCB/SILKSCREEN_BOTTOM.art > ...
================================================================

  FILM PARAMETERS :
  ---------------------------------------------------------
  Undefined line width                0.2540
  Mirror code                         NONE
  Rotate angle                        NONE
  Offset x:                           0.0000
  Offset y:                           0.0000
  Plot negative                       NO
  Suppress unconnected internal pads  NO
  Draw holes only                     NO



  APERTURES USED:
  ---------------------------------------------------------
  TYPE       SIZE/NAME                   ROT   MIRROR MODE 
  ---------------------------------------------------------
  CIRCLE     0.02000                                  DARK 
  CIRCLE     0.02500                                  DARK 
  CIRCLE     0.04000                                  DARK 
  CIRCLE     0.05000                                  DARK 
  CIRCLE     0.10000                                  DARK 
  CIRCLE     0.20000                                  DARK 

     SILKSCREEN_BOTTOM created.


================================================================
     PROCESSING FILM < SOLDERMASK_TOP >
     TO FILE < F:/3-MyLaptopDIR/DPU_PoE_Version/PCB/SOLDERMASK_TOP.art > ...
================================================================

  FILM PARAMETERS :
  ---------------------------------------------------------
  Undefined line width                0.2540
  Mirror code                         NONE
  Rotate angle                        NONE
  Offset x:                           0.0000
  Offset y:                           0.0000
  Plot negative                       NO
  Suppress unconnected internal pads  NO
  Draw holes only                     NO



  APERTURES USED:
  ---------------------------------------------------------
  TYPE       SIZE/NAME                   ROT   MIRROR MODE 
  ---------------------------------------------------------
  CIRCLE     0.35000                                  DARK 
  CIRCLE     0.55000                                  DARK 
  CIRCLE     1.00000                                  DARK 
  CIRCLE     1.30000                                  DARK 
  CIRCLE     1.40000                                  DARK 
  CIRCLE     1.50000                                  DARK 
  CIRCLE     1.60000                                  DARK 
  CIRCLE     2.30000                                  DARK 
  CIRCLE     3.20000                                  DARK 
  RECTANGLE  0.30000     x 0.40000       0.000 NO     DARK 
  RECTANGLE  0.30000     x 0.40000      90.000 NO     DARK 
  RECTANGLE  0.30000     x 1.60000       0.000 NO     DARK 
  RECTANGLE  0.35000     x 0.25000       0.000 NO     DARK 
  RECTANGLE  0.35000     x 0.25000      90.000 NO     DARK 
  RECTANGLE  0.38000     x 0.78000       0.000 NO     DARK 
  RECTANGLE  0.38000     x 0.78000      90.000 NO     DARK 
  RECTANGLE  0.40000     x 0.90000      90.000 NO     DARK 
  RECTANGLE  0.40000     x 1.60000      90.000 NO     DARK 
  RECTANGLE  0.60000     x 1.10000      90.000 NO     DARK 
  RECTANGLE  0.61000     x 1.37000      90.000 NO     DARK 
  RECTANGLE  0.70000     x 0.90000       0.000 NO     DARK 
  RECTANGLE  0.70000     x 0.90000      90.000 NO     DARK 
  RECTANGLE  0.70000     x 1.10000      90.000 NO     DARK 
  RECTANGLE  0.90000     x 1.00000       0.000 NO     DARK 
  RECTANGLE  0.90000     x 1.00000      90.000 NO     DARK 
  RECTANGLE  0.90000     x 1.70000       0.000 NO     DARK 
  RECTANGLE  1.00000     x 1.10000       0.000 NO     DARK 
  RECTANGLE  1.60000     x 1.70000      90.000 NO     DARK 
  RECTANGLE  1.60000     x 1.90000       0.000 NO     DARK 
  RECTANGLE  1.90000     x 3.30000       0.000 NO     DARK 
  RECTANGLE  2.10000     x 3.10000       0.000 NO     DARK 

     SOLDERMASK_TOP created.


================================================================
     PROCESSING FILM < SOLDERMASK_BOTTOM >
     TO FILE < F:/3-MyLaptopDIR/DPU_PoE_Version/PCB/SOLDERMASK_BOTTOM.art > ...
================================================================

  FILM PARAMETERS :
  ---------------------------------------------------------
  Undefined line width                0.2540
  Mirror code                         NONE
  Rotate angle                        NONE
  Offset x:                           0.0000
  Offset y:                           0.0000
  Plot negative                       NO
  Suppress unconnected internal pads  NO
  Draw holes only                     NO



  APERTURES USED:
  ---------------------------------------------------------
  TYPE       SIZE/NAME                   ROT   MIRROR MODE 
  ---------------------------------------------------------
  CIRCLE     1.00000                                  DARK 
  CIRCLE     1.40000                                  DARK 
  CIRCLE     1.50000                                  DARK 
  CIRCLE     1.60000                                  DARK 
  CIRCLE     2.30000                                  DARK 
  SQUARE     0.60000                     0.000 NO     DARK 
  SQUARE     1.60000                     0.000 NO     DARK 
  RECTANGLE  0.30000     x 0.40000       0.000 NO     DARK 
  RECTANGLE  0.30000     x 0.40000      90.000 NO     DARK 
  RECTANGLE  0.30000     x 0.80000      90.000 NO     DARK 
  RECTANGLE  0.30000     x 1.60000      90.000 NO     DARK 
  RECTANGLE  0.35000     x 0.25000       0.000 NO     DARK 
  RECTANGLE  0.35000     x 0.70000       0.000 NO     DARK 
  RECTANGLE  0.35000     x 0.70000      90.000 NO     DARK 
  RECTANGLE  0.40000     x 0.90000      90.000 NO     DARK 
  RECTANGLE  0.40000     x 1.60000       0.000 NO     DARK 
  RECTANGLE  0.40000     x 1.60000      90.000 NO     DARK 
  RECTANGLE  0.40000     x 2.10000       0.000 NO     DARK 
  RECTANGLE  0.70000     x 0.90000       0.000 NO     DARK 
  RECTANGLE  0.70000     x 0.90000      90.000 NO     DARK 
  RECTANGLE  0.70000     x 1.30000       0.000 NO     DARK 
  RECTANGLE  0.90000     x 1.00000       0.000 NO     DARK 
  RECTANGLE  1.60000     x 1.70000       0.000 NO     DARK 
  RECTANGLE  1.90000     x 3.30000      90.000 NO     DARK 
  RECTANGLE  2.30000     x 1.15000       0.000 NO     DARK 

     SOLDERMASK_BOTTOM created.


================================================================
     PROCESSING FILM < PASTEMASK_TOP >
     TO FILE < F:/3-MyLaptopDIR/DPU_PoE_Version/PCB/PASTEMASK_TOP.art > ...
================================================================

  FILM PARAMETERS :
  ---------------------------------------------------------
  Undefined line width                0.2540
  Mirror code                         NONE
  Rotate angle                        NONE
  Offset x:                           0.0000
  Offset y:                           0.0000
  Plot negative                       NO
  Suppress unconnected internal pads  NO
  Draw holes only                     NO



  APERTURES USED:
  ---------------------------------------------------------
  TYPE       SIZE/NAME                   ROT   MIRROR MODE 
  ---------------------------------------------------------
  CIRCLE     0.25000                                  DARK 
  CIRCLE     0.45000                                  DARK 
  CIRCLE     1.20000                                  DARK 
  CIRCLE     1.40000                                  DARK 
  CIRCLE     1.50000                                  DARK 
  CIRCLE     2.20000                                  DARK 
  RECTANGLE  0.20000     x 0.30000       0.000 NO     DARK 
  RECTANGLE  0.20000     x 0.30000      90.000 NO     DARK 
  RECTANGLE  0.20000     x 1.50000       0.000 NO     DARK 
  RECTANGLE  0.25000     x 0.15000       0.000 NO     DARK 
  RECTANGLE  0.25000     x 0.15000      90.000 NO     DARK 
  RECTANGLE  0.28000     x 0.68000       0.000 NO     DARK 
  RECTANGLE  0.28000     x 0.68000      90.000 NO     DARK 
  RECTANGLE  0.30000     x 0.80000      90.000 NO     DARK 
  RECTANGLE  0.30000     x 1.50000      90.000 NO     DARK 
  RECTANGLE  0.50000     x 1.00000      90.000 NO     DARK 
  RECTANGLE  0.51000     x 1.27000      90.000 NO     DARK 
  RECTANGLE  0.60000     x 0.80000       0.000 NO     DARK 
  RECTANGLE  0.60000     x 0.80000      90.000 NO     DARK 
  RECTANGLE  0.60000     x 1.00000      90.000 NO     DARK 
  RECTANGLE  0.80000     x 0.90000       0.000 NO     DARK 
  RECTANGLE  0.80000     x 0.90000      90.000 NO     DARK 
  RECTANGLE  0.80000     x 1.60000       0.000 NO     DARK 
  RECTANGLE  0.90000     x 1.00000       0.000 NO     DARK 
  RECTANGLE  1.50000     x 1.60000      90.000 NO     DARK 
  RECTANGLE  1.50000     x 1.80000       0.000 NO     DARK 
  RECTANGLE  1.80000     x 3.20000       0.000 NO     DARK 
  RECTANGLE  2.00000     x 3.00000       0.000 NO     DARK 

     PASTEMASK_TOP created.


================================================================
     PROCESSING FILM < PASTEMASK_BOTTOM >
     TO FILE < F:/3-MyLaptopDIR/DPU_PoE_Version/PCB/PASTEMASK_BOTTOM.art > ...
================================================================

  FILM PARAMETERS :
  ---------------------------------------------------------
  Undefined line width                0.2540
  Mirror code                         NONE
  Rotate angle                        NONE
  Offset x:                           0.0254
  Offset y:                           0.0000
  Plot negative                       NO
  Suppress unconnected internal pads  NO
  Draw holes only                     NO



  APERTURES USED:
  ---------------------------------------------------------
  TYPE       SIZE/NAME                   ROT   MIRROR MODE 
  ---------------------------------------------------------
  CIRCLE     1.20000                                  DARK 
  CIRCLE     1.40000                                  DARK 
  CIRCLE     1.50000                                  DARK 
  CIRCLE     2.20000                                  DARK 
  SQUARE     0.50000                     0.000 NO     DARK 
  SQUARE     1.50000                     0.000 NO     DARK 
  RECTANGLE  0.20000     x 0.30000       0.000 NO     DARK 
  RECTANGLE  0.20000     x 0.30000      90.000 NO     DARK 
  RECTANGLE  0.20000     x 0.70000      90.000 NO     DARK 
  RECTANGLE  0.20000     x 1.50000      90.000 NO     DARK 
  RECTANGLE  0.25000     x 0.15000       0.000 NO     DARK 
  RECTANGLE  0.25000     x 0.60000       0.000 NO     DARK 
  RECTANGLE  0.25000     x 0.60000      90.000 NO     DARK 
  RECTANGLE  0.30000     x 0.80000      90.000 NO     DARK 
  RECTANGLE  0.30000     x 1.50000       0.000 NO     DARK 
  RECTANGLE  0.30000     x 1.50000      90.000 NO     DARK 
  RECTANGLE  0.30000     x 2.00000       0.000 NO     DARK 
  RECTANGLE  0.60000     x 0.80000       0.000 NO     DARK 
  RECTANGLE  0.60000     x 0.80000      90.000 NO     DARK 
  RECTANGLE  0.60000     x 1.20000       0.000 NO     DARK 
  RECTANGLE  0.80000     x 0.90000       0.000 NO     DARK 
  RECTANGLE  1.50000     x 1.60000       0.000 NO     DARK 
  RECTANGLE  1.80000     x 3.20000      90.000 NO     DARK 
  RECTANGLE  2.20000     x 1.05000       0.000 NO     DARK 

     PASTEMASK_BOTTOM created.


================================================================
     PROCESSING FILM < DIMENSION >
     TO FILE < F:/3-MyLaptopDIR/DPU_PoE_Version/PCB/DIMENSION.art > ...
================================================================

  FILM PARAMETERS :
  ---------------------------------------------------------
  Undefined line width                0.2540
  Mirror code                         NONE
  Rotate angle                        NONE
  Offset x:                           0.0254
  Offset y:                           0.0000
  Plot negative                       NO
  Suppress unconnected internal pads  NO
  Draw holes only                     NO

    WARNING: 0 width line found at (-2.5000 -30.0000)
           ... using undefined line width of 0.2540

    WARNING: Multiple 0 width lines; all will be treated the same as the first.
           ... using undefined line width of 0.2540

    WARNING: text composed 0 width line found at (-12.4559 -17.1875)
           ... using undefined line width of 0.2540

    WARNING: text having Multiple 0 width lines; all will be treated the same as the first.
           ... using undefined line width of 0.2540



  APERTURES USED:
  ---------------------------------------------------------
  TYPE       SIZE/NAME                   ROT   MIRROR MODE 
  ---------------------------------------------------------
  CIRCLE     0.02000                                  DARK 
  CIRCLE     0.10000                                  DARK 
  CIRCLE     0.25400                                  DARK 

     DIMENSION created with warnings


================================================================
     PROCESSING FILM < OUTLINE >
     TO FILE < F:/3-MyLaptopDIR/DPU_PoE_Version/PCB/OUTLINE.art > ...
================================================================

  FILM PARAMETERS :
  ---------------------------------------------------------
  Undefined line width                0.2540
  Mirror code                         NONE
  Rotate angle                        NONE
  Offset x:                           0.0254
  Offset y:                           0.0000
  Plot negative                       NO
  Suppress unconnected internal pads  NO
  Draw holes only                     NO



  APERTURES USED:
  ---------------------------------------------------------
  TYPE       SIZE/NAME                   ROT   MIRROR MODE 
  ---------------------------------------------------------
  CIRCLE     0.10000                                  DARK 

     OUTLINE created.


------------------------------------------------------
 SUMMARY:
        TOP created with warnings
        GND-2 created with warnings
        SIG-3 created with warnings
        VCC-4 created with warnings
        GND-5 created.
        SIG-6 created with warnings
        GND-7 created.
        BOTTOM created with warnings
        SILKSCREEN_TOP created.
        SILKSCREEN_BOTTOM created.
        SOLDERMASK_TOP created.
        SOLDERMASK_BOTTOM created.
        PASTEMASK_TOP created.
        PASTEMASK_BOTTOM created.
        DIMENSION created with warnings
        OUTLINE created.

 ARTWORK had warnings
