(---------------------------------------------------------------------)
(                                                                     )
(    Shape Dynamic Status Report                                      )
(                                                                     )
(    Drawing          : DPU_PoE_A1_Sep26.brd                          )
(    Software Version : 22.1P001                                      )
(    Date/Time        : Fri Sep 26 15:08:20 2025                      )
(                                                                     )
(---------------------------------------------------------------------)


  Dynamic shapes out of date: 8 out of 9
  Current fill mode         : SMOOTH


  <<<  ETCH  >>>

    Layer = GND-2
       State: Out of date  Point on shape: (63.2986 -1.5001)  Net: GND

    Layer = VCC-4
       State: Out of date  Point on shape: (2.1000 -2.1000)  Net: P5V0
       State: Out of date  Point on shape: (33.7000 -2.1000)  Net: P1V8
       State: Out of date  Point on shape: (9.0243 -9.1000)  Net: P1V0
       State: Out of date  Point on shape: (57.3243 -8.2000)  Net: P1V8
       State: Out of date  Point on shape: (61.8243 -9.1500)  Net: P2V8

    Layer = GND-5
       State: Out of date  Point on shape: (63.2970 -1.5001)  Net: GND

    Layer = GND-7
       State: Out of date  Point on shape: (63.3247 -1.5001)  Net: GND
